<?xml version="1.0" encoding="UTF-8"?>
<!-- Generated by org.testng.reporters.JUnitReportReporter -->
<testsuite hostname="QC-Fatma" failures="0" tests="8" name="tests.CreateWorkRequestTest" time="264.955" errors="0" timestamp="2021-12-22T13:48:48 EET" skipped="0">
  <testcase classname="tests.CreateWorkRequestTest" name="UserCanLoginSuccessfully" time="3.477"/>
  <system-out/>
  <testcase classname="tests.CreateWorkRequestTest" name="UserCanOpenCreateWorkRequestPage" time="15.378"/>
  <system-out/>
  <testcase classname="tests.CreateWorkRequestTest" name="UserCanCreateWorkRequest" time="39.718"/>
  <system-out/>
  <testcase classname="tests.CreateWorkRequestTest" name="AdminCanOpenCustomerRequests" time="12.663"/>
  <system-out/>
  <testcase classname="tests.CreateWorkRequestTest" name="AdminCanWorkonCustomerRequests" time="38.067"/>
  <system-out/>
  <testcase classname="tests.CreateWorkRequestTest" name="LoginEngineerAccount" time="13.081"/>
  <system-out/>
  <testcase classname="tests.CreateWorkRequestTest" name="EngineerApprovingAndWorkOnOrder" time="101.663"/>
  <system-out/>
  <testcase classname="tests.CreateWorkRequestTest" name="CustomerConfirmTHatRequestDone" time="40.908"/>
  <system-out/>
</testsuite> <!-- tests.CreateWorkRequestTest -->
