<?xml version="1.0" encoding="UTF-8"?>
<!-- Generated by org.testng.reporters.JUnitReportReporter -->
<testsuite hostname="QC-Fatma" failures="0" tests="3" name="tests.MoveAssetTypesFromClassificationToOtherOne" time="43.960" errors="0" timestamp="2021-12-30T17:28:48 EET" skipped="0">
  <testcase classname="tests.MoveAssetTypesFromClassificationToOtherOne" name="UserCanLoginSuccessfully" time="6.452"/>
  <system-out/>
  <testcase classname="tests.MoveAssetTypesFromClassificationToOtherOne" name="UserCanOpenAssetsTypesPage" time="12.265"/>
  <system-out/>
  <testcase classname="tests.MoveAssetTypesFromClassificationToOtherOne" name="UserCanAssetTypeBetweenClassifications" time="25.243"/>
  <system-out/>
</testsuite> <!-- tests.MoveAssetTypesFromClassificationToOtherOne -->
