<?xml version="1.0" encoding="UTF-8"?>
<!-- Generated by org.testng.reporters.JUnitReportReporter -->
<testsuite hostname="QC-Fatma" failures="0" tests="1" name="tests.UserLoginTest" time="0.623" errors="0" timestamp="2021-12-30T15:44:07 EET" skipped="0">
  <testcase classname="tests.UserLoginTest" name="UserCanLoginSuccessfully" time="0.623"/>
  <system-out/>
</testsuite> <!-- tests.UserLoginTest -->
