<?xml version="1.0" encoding="UTF-8"?>
<!-- Generated by org.testng.reporters.JUnitReportReporter -->
<testsuite hostname="QC-Fatma" failures="0" tests="4" name="tests.AddNewEmployeeTest" time="64.499" errors="0" timestamp="2021-12-31T00:13:33 EET" skipped="0">
  <testcase classname="tests.AddNewEmployeeTest" name="UserCanLoginSuccessfully" time="0.408"/>
  <system-out/>
  <testcase classname="tests.AddNewEmployeeTest" name="UserCanOpenEmployeesManagmentPage" time="9.256"/>
  <system-out/>
  <testcase classname="tests.AddNewEmployeeTest" name="UserCanAddNewEmployees" time="54.409"/>
  <system-out/>
  <testcase classname="tests.AddNewEmployeeTest" name="MakeSureThaCustomerAdded" time="0.426"/>
  <system-out/>
</testsuite> <!-- tests.AddNewEmployeeTest -->
