<?xml version="1.0" encoding="UTF-8"?>
<!-- Generated by org.testng.reporters.JUnitReportReporter -->
<testsuite hostname="QC-Fatma" failures="0" tests="1" name="FMA.Automated.Elements" time="0.377" errors="0" timestamp="2021-10-27T11:47:57 EET" skipped="0">
  <testcase classname="FMA.Automated.Elements" name="login" time="0.377"/>
  <system-out/>
</testsuite> <!-- FMA.Automated.Elements -->
