<?xml version="1.0" encoding="UTF-8"?>
<!-- Generated by org.testng.reporters.JUnitReportReporter -->
<testsuite hostname="QC-Fatma" failures="0" tests="4" name="tests.CreateNewBranchTest" time="44.139" errors="0" timestamp="2021-12-31T21:38:15 EET" skipped="0">
  <testcase classname="tests.CreateNewBranchTest" name="UserCanLoginSuccessfully" time="0.470"/>
  <system-out/>
  <testcase classname="tests.CreateNewBranchTest" name="UserCanOpenBranchesPage" time="9.243"/>
  <system-out/>
  <testcase classname="tests.CreateNewBranchTest" name="UserCanAddNewBranch" time="28.078"/>
  <system-out/>
  <testcase classname="tests.CreateNewBranchTest" name="MakeSureThaCustomerAdded" time="6.348"/>
  <system-out/>
</testsuite> <!-- tests.CreateNewBranchTest -->
