<?xml version="1.0" encoding="UTF-8"?>
<!-- Generated by org.testng.reporters.JUnitReportReporter -->
<testsuite hostname="QC-Fatma" failures="0" tests="2" name="tests.AccessCustomersManagementScreenTest" time="9.727" errors="0" timestamp="2021-12-30T22:24:23 EET" skipped="0">
  <testcase classname="tests.AccessCustomersManagementScreenTest" name="UserCanLoginSuccessfully" time="0.411"/>
  <system-out/>
  <testcase classname="tests.AccessCustomersManagementScreenTest" name="UserCanOpenCSTmanagmentScreen" time="9.316"/>
  <system-out/>
</testsuite> <!-- tests.AccessCustomersManagementScreenTest -->
