<?xml version="1.0" encoding="UTF-8"?>
<!-- Generated by org.testng.reporters.JUnitReportReporter -->
<testsuite hostname="QC-Fatma" failures="0" tests="2" name="tests.EngineerCompleteWorkOrderTest" time="0.000" errors="0" timestamp="2021-12-15T14:53:08 EET" skipped="2">
  <testcase classname="tests.EngineerCompleteWorkOrderTest" name="LogInEngineerAccount" time="0.000">
    <skipped/>
  </testcase> <!-- LogInEngineerAccount -->
  <system-out/>
  <testcase classname="tests.EngineerCompleteWorkOrderTest" name="EngineerApprovingAndWorkOnOrder" time="0.000">
    <skipped/>
  </testcase> <!-- EngineerApprovingAndWorkOnOrder -->
  <system-out/>
</testsuite> <!-- tests.EngineerCompleteWorkOrderTest -->
