<?xml version="1.0" encoding="UTF-8"?>
<!-- Generated by org.testng.reporters.JUnitReportReporter -->
<testsuite hostname="QC-Fatma" failures="0" tests="4" name="tests.CreateNewCustomerTest" time="38.391" errors="0" timestamp="2021-12-30T22:09:18 EET" skipped="0">
  <testcase classname="tests.CreateNewCustomerTest" name="UserCanLoginSuccessfully" time="0.501"/>
  <system-out/>
  <testcase classname="tests.CreateNewCustomerTest" name="UserCanOpenCSTmanagmentScreen" time="9.236"/>
  <system-out/>
  <testcase classname="tests.CreateNewCustomerTest" name="UserCanCreateCST" time="28.432"/>
  <system-out/>
  <testcase classname="tests.CreateNewCustomerTest" name="MakeSureThaCustomerAdded" time="0.222"/>
  <system-out/>
</testsuite> <!-- tests.CreateNewCustomerTest -->
