<?xml version="1.0" encoding="UTF-8"?>
<!-- Generated by org.testng.reporters.JUnitReportReporter -->
<testsuite hostname="QC-Fatma" failures="0" tests="3" name="tests.CreateAssetLocationTotheCustomerBranchTest" time="31.597" errors="0" timestamp="2021-12-30T18:22:10 EET" skipped="0">
  <testcase classname="tests.CreateAssetLocationTotheCustomerBranchTest" name="UserCanLoginSuccessfully" time="6.439"/>
  <system-out/>
  <testcase classname="tests.CreateAssetLocationTotheCustomerBranchTest" name="UserCanOpenAssetsPage" time="12.271"/>
  <system-out/>
  <testcase classname="tests.CreateAssetLocationTotheCustomerBranchTest" name="UserCanCreateAssetsLocation" time="12.887"/>
  <system-out/>
</testsuite> <!-- tests.CreateAssetLocationTotheCustomerBranchTest -->
